<?xml version="1.0" encoding="UTF-8"?>
<!-- Generated by org.testng.reporters.JUnitXMLReporter -->
<testsuite ignored="0" hostname="LTIN373546" failures="0" tests="3" name="ChromeTest" time="76.457" errors="0" timestamp="2024-11-12T10:06:05 IST">
  <testcase classname="allLoanCalculators.LoanCalculator" name="testCarLoanCalculation" time="49.001"/>
  <testcase classname="allLoanCalculators.LoanCalculator" name="testHomeLoanEmiCalculator" time="9.791"/>
  <testcase classname="allLoanCalculators.LoanCalculator" name="testEmiCalculator" time="17.154"/>
</testsuite> <!-- ChromeTest -->
