<?xml version="1.0" encoding="UTF-8"?>
<!-- Generated by org.testng.reporters.JUnitXMLReporter -->
<testsuite ignored="0" hostname="LTIN513327" failures="0" tests="4" name="Chrome" time="22.534" errors="0" timestamp="2024-10-17T00:20:09 IST">
  <testcase classname="emiCalculator.TestCase" name="testCarLoanCalculation" time="7.049"/>
  <testcase classname="emiCalculator.TestCase" name="navigateToCarLoanSection" time="0.076"/>
  <testcase classname="emiCalculator.TestCase" name="enterLoanDetails" time="0.691"/>
  <testcase classname="emiCalculator.TestCase" name="scrollAndClickYears" time="4.346"/>
</testsuite> <!-- Chrome -->
