<?xml version="1.0" encoding="UTF-8"?>
<!-- Generated by org.testng.reporters.JUnitXMLReporter -->
<testsuite ignored="0" hostname="LTIN513327" failures="0" tests="3" name="EdgeTest" time="64.729" errors="0" timestamp="2024-11-08T16:50:50 IST">
  <testcase classname="allLoanCalculators.LoanCalculator" name="testCarLoanCalculation" time="45.307"/>
  <testcase classname="allLoanCalculators.LoanCalculator" name="testHomeLoanEmiCalculator" time="4.346"/>
  <testcase classname="allLoanCalculators.LoanCalculator" name="testEmiCalculator" time="15.066"/>
</testsuite> <!-- EdgeTest -->
