<?xml version="1.0" encoding="UTF-8"?>
<!-- Generated by org.testng.reporters.JUnitXMLReporter -->
<testsuite ignored="0" hostname="LTIN513327" failures="0" tests="4" name="Edge" time="25.366" errors="0" timestamp="2024-10-17T00:20:11 IST">
  <testcase classname="emiCalculator.TestCase" name="testCarLoanCalculation" time="7.271"/>
  <testcase classname="emiCalculator.TestCase" name="navigateToCarLoanSection" time="0.101"/>
  <testcase classname="emiCalculator.TestCase" name="enterLoanDetails" time="0.867"/>
  <testcase classname="emiCalculator.TestCase" name="scrollAndClickYears" time="4.282"/>
</testsuite> <!-- Edge -->
