<?xml version="1.0" encoding="UTF-8"?>
<!-- Generated by org.testng.reporters.JUnitXMLReporter -->
<testsuite ignored="0" hostname="LTIN513327" failures="0" tests="4" name="Chrome" time="27.474" errors="0" timestamp="2024-10-17T00:20:51 IST">
  <testcase classname="emiCalculator.TestCase" name="testCarLoanCalculation" time="8.535"/>
  <testcase classname="emiCalculator.TestCase" name="navigateToCarLoanSection" time="0.125"/>
  <testcase classname="emiCalculator.TestCase" name="enterLoanDetails" time="0.995"/>
  <testcase classname="emiCalculator.TestCase" name="scrollAndClickYears" time="4.345"/>
</testsuite> <!-- Chrome -->
