<?xml version="1.0" encoding="UTF-8"?>
<!-- Generated by org.testng.reporters.JUnitXMLReporter -->
<testsuite ignored="0" hostname="LTIN513327" failures="0" tests="3" name="ChromeTest" time="34.517" errors="0" timestamp="2024-11-06T10:49:21 IST">
  <testcase classname="allLoanCalculators.LoanCalculator" name="testCarLoanCalculation" time="18.319"/>
  <testcase classname="allLoanCalculators.LoanCalculator" name="testHomeLoanEmiCalculator" time="2.814"/>
  <testcase classname="allLoanCalculators.LoanCalculator" name="testEmiCalculator" time="13.335"/>
</testsuite> <!-- ChromeTest -->
