<?xml version="1.0" encoding="UTF-8"?>
<!-- Generated by org.testng.reporters.JUnitXMLReporter -->
<testsuite ignored="0" hostname="LTIN513327" failures="0" tests="4" name="EdgeTest" time="40.497" errors="0" timestamp="2024-10-17T17:14:48 IST">
  <testcase classname="emiCalculator.TestCase" name="testCarLoanCalculation" time="8.163"/>
  <testcase classname="emiCalculator.TestCase" name="navigateToCarLoanSection" time="0.331"/>
  <testcase classname="emiCalculator.TestCase" name="enterLoanDetails" time="3.488"/>
  <testcase classname="emiCalculator.TestCase" name="scrollAndClickYears" time="2.711"/>
</testsuite> <!-- EdgeTest -->
