<?xml version="1.0" encoding="UTF-8"?>
<testng-results ignored="0" total="6" passed="6" failed="0" skipped="0">
  <reporter-output>
  </reporter-output>
  <suite started-at="2024-11-14T09:24:43 IST" name="LoanCalculatorSuite" finished-at="2024-11-14T09:25:53 IST" duration-ms="70403">
    <groups>
      <group name="cucumber">
        <method signature="AbstractTestNGCucumberTests.runScenario(io.cucumber.testng.PickleWrapper,io.cucumber.testng.FeatureWrapper)[pri:0, instance:runner.RunCucumberTest@6e2829c7]" name="runScenario" class="io.cucumber.testng.AbstractTestNGCucumberTests"/>
      </group> <!-- cucumber -->
    </groups>
    <test started-at="2024-11-14T09:24:43 IST" name="Tests" finished-at="2024-11-14T09:25:53 IST" duration-ms="70403">
      <class name="runner.RunCucumberTest">
        <test-method is-config="true" signature="setUpClass(org.testng.ITestContext)[pri:0, instance:runner.RunCucumberTest@6e2829c7]" started-at="2024-11-14T09:24:43 IST" name="setUpClass" finished-at="2024-11-14T09:24:44 IST" duration-ms="965" status="PASS">
          <params>
            <param index="0">
              <value>
                <![CDATA[org.testng.TestRunner@56afbace]]>
              </value>
            </param>
          </params>
          <reporter-output>
          </reporter-output>
        </test-method> <!-- setUpClass -->
        <test-method signature="runScenario(io.cucumber.testng.PickleWrapper,io.cucumber.testng.FeatureWrapper)[pri:0, instance:runner.RunCucumberTest@6e2829c7]" started-at="2024-11-14T09:24:44 IST" name="runScenario" description="Runs Cucumber Scenarios" data-provider="scenarios" finished-at="2024-11-14T09:25:05 IST" duration-ms="21259" status="PASS">
          <params>
            <param index="0">
              <value>
                <![CDATA["Calculate_Car_Loan"]]>
              </value>
            </param>
            <param index="1">
              <value>
                <![CDATA["Loan Calculator Testing In Chrome Browser"]]>
              </value>
            </param>
          </params>
          <reporter-output>
          </reporter-output>
        </test-method> <!-- runScenario -->
        <test-method signature="runScenario(io.cucumber.testng.PickleWrapper,io.cucumber.testng.FeatureWrapper)[pri:0, instance:runner.RunCucumberTest@6e2829c7]" started-at="2024-11-14T09:25:05 IST" name="runScenario" description="Runs Cucumber Scenarios" data-provider="scenarios" finished-at="2024-11-14T09:25:08 IST" duration-ms="3181" status="PASS">
          <params>
            <param index="0">
              <value>
                <![CDATA["Calculate_Home_Loan"]]>
              </value>
            </param>
            <param index="1">
              <value>
                <![CDATA["Loan Calculator Testing In Chrome Browser"]]>
              </value>
            </param>
          </params>
          <reporter-output>
          </reporter-output>
        </test-method> <!-- runScenario -->
        <test-method signature="runScenario(io.cucumber.testng.PickleWrapper,io.cucumber.testng.FeatureWrapper)[pri:0, instance:runner.RunCucumberTest@6e2829c7]" started-at="2024-11-14T09:25:08 IST" name="runScenario" description="Runs Cucumber Scenarios" data-provider="scenarios" finished-at="2024-11-14T09:25:22 IST" duration-ms="13379" status="PASS">
          <params>
            <param index="0">
              <value>
                <![CDATA["Testing EMI Calculator"]]>
              </value>
            </param>
            <param index="1">
              <value>
                <![CDATA["Loan Calculator Testing In Chrome Browser"]]>
              </value>
            </param>
          </params>
          <reporter-output>
          </reporter-output>
        </test-method> <!-- runScenario -->
        <test-method signature="runScenario(io.cucumber.testng.PickleWrapper,io.cucumber.testng.FeatureWrapper)[pri:0, instance:runner.RunCucumberTest@6e2829c7]" started-at="2024-11-14T09:25:22 IST" name="runScenario" description="Runs Cucumber Scenarios" data-provider="scenarios" finished-at="2024-11-14T09:25:34 IST" duration-ms="12089" status="PASS">
          <params>
            <param index="0">
              <value>
                <![CDATA["Calculate_Car_Loan"]]>
              </value>
            </param>
            <param index="1">
              <value>
                <![CDATA["Loan Calculator Testing In Edge Browser"]]>
              </value>
            </param>
          </params>
          <reporter-output>
          </reporter-output>
        </test-method> <!-- runScenario -->
        <test-method signature="runScenario(io.cucumber.testng.PickleWrapper,io.cucumber.testng.FeatureWrapper)[pri:0, instance:runner.RunCucumberTest@6e2829c7]" started-at="2024-11-14T09:25:34 IST" name="runScenario" description="Runs Cucumber Scenarios" data-provider="scenarios" finished-at="2024-11-14T09:25:36 IST" duration-ms="2760" status="PASS">
          <params>
            <param index="0">
              <value>
                <![CDATA["Calculate_Home_Loan"]]>
              </value>
            </param>
            <param index="1">
              <value>
                <![CDATA["Loan Calculator Testing In Edge Browser"]]>
              </value>
            </param>
          </params>
          <reporter-output>
          </reporter-output>
        </test-method> <!-- runScenario -->
        <test-method signature="runScenario(io.cucumber.testng.PickleWrapper,io.cucumber.testng.FeatureWrapper)[pri:0, instance:runner.RunCucumberTest@6e2829c7]" started-at="2024-11-14T09:25:36 IST" name="runScenario" description="Runs Cucumber Scenarios" data-provider="scenarios" finished-at="2024-11-14T09:25:51 IST" duration-ms="14694" status="PASS">
          <params>
            <param index="0">
              <value>
                <![CDATA["Testing EMI Calculator"]]>
              </value>
            </param>
            <param index="1">
              <value>
                <![CDATA["Loan Calculator Testing In Edge Browser"]]>
              </value>
            </param>
          </params>
          <reporter-output>
          </reporter-output>
        </test-method> <!-- runScenario -->
        <test-method is-config="true" signature="tearDownClass()[pri:0, instance:runner.RunCucumberTest@6e2829c7]" started-at="2024-11-14T09:25:51 IST" name="tearDownClass" finished-at="2024-11-14T09:25:53 IST" duration-ms="2005" status="PASS">
          <reporter-output>
          </reporter-output>
        </test-method> <!-- tearDownClass -->
      </class> <!-- runner.RunCucumberTest -->
    </test> <!-- Tests -->
  </suite> <!-- LoanCalculatorSuite -->
</testng-results>
